<?xml version="1.0" encoding="UTF-8"?>
<!-- Generated by org.testng.reporters.JUnitXMLReporter -->
<testsuite ignored="0" hostname="SSNakate" failures="1" tests="2" name="ErrorValidations Test" time="11.552" errors="0" timestamp="2023-06-28T18:29:37 IST">
  <testcase classname="hybridframework.tests.ErrorValidationsTest" name="loginErrorValidation" time="1.203">
    <skipped/>
  </testcase> <!-- loginErrorValidation -->
  <testcase classname="hybridframework.tests.ErrorValidationsTest" name="loginErrorValidation" time="0.923">
    <failure type="java.lang.AssertionError" message="expected [Incorrect email or password.] but found [Incorrect email password.]">
      <![CDATA[java.lang.AssertionError: expected [Incorrect email or password.] but found [Incorrect email password.]
at hybridframework.tests.ErrorValidationsTest.loginErrorValidation(ErrorValidationsTest.java:18)
at java.base/java.util.ArrayList.forEach(ArrayList.java:1511)
at java.base/java.util.concurrent.FutureTask.run(FutureTask.java:264)
at java.base/java.util.concurrent.ThreadPoolExecutor.runWorker(ThreadPoolExecutor.java:1136)
at java.base/java.util.concurrent.ThreadPoolExecutor$Worker.run(ThreadPoolExecutor.java:635)
at java.base/java.lang.Thread.run(Thread.java:833)
... Removed 24 stack frames]]>
    </failure>
  </testcase> <!-- loginErrorValidation -->
</testsuite> <!-- ErrorValidations Test -->
