<?xml version="1.0" encoding="UTF-8"?>
<!-- Generated by org.testng.reporters.JUnitXMLReporter -->
<testsuite ignored="1" hostname="SSNakate" failures="1" tests="2" name="Submit Order Test" time="13.232" errors="0" timestamp="2023-06-08T15:04:46 IST">
  <testcase classname="hybridframework.tests.SubmitOrderTest" name="submitOrder" time="4.382"/>
  <testcase classname="hybridframework.tests.SubmitOrderTest" name="submitOrder" time="2.338">
    <failure type="java.lang.AssertionError" message="expected [true] but found [false]">
      <![CDATA[java.lang.AssertionError: expected [true] but found [false]
at hybridframework.tests.SubmitOrderTest.submitOrder(SubmitOrderTest.java:29)
at java.base/java.util.ArrayList.forEach(ArrayList.java:1511)
at java.base/java.util.concurrent.FutureTask.run(FutureTask.java:264)
at java.base/java.util.concurrent.ThreadPoolExecutor.runWorker(ThreadPoolExecutor.java:1136)
at java.base/java.util.concurrent.ThreadPoolExecutor$Worker.run(ThreadPoolExecutor.java:635)
at java.base/java.lang.Thread.run(Thread.java:833)
... Removed 22 stack frames]]>
    </failure>
  </testcase> <!-- submitOrder -->
  <testcase classname="hybridframework.tests.SubmitOrderTest" name="ordeHistoryTest" time="0.0">
    <ignored/>
  </testcase> <!-- ordeHistoryTest -->
</testsuite> <!-- Submit Order Test -->
